<?xml version="1.0" encoding="UTF-8"?>
<!-- Generated by org.testng.reporters.JUnitXMLReporter -->
<testsuite ignored="15" hostname="DESKTOP-V1REO8E" failures="0" tests="1" name="Default test" time="8.446" errors="0" timestamp="2023-03-10T16:13:53 PKT">
  <testcase classname="test_Cases.Navigation" name="TC02_Verify_that_the_new_Coins_tab_is_clickable" time="4.699"/>
  <testcase classname="test_Cases.Navigation" name="TC09_Verify_that_the_Solana_tab_is_clickable" time="0.0">
    <ignored/>
  </testcase> <!-- TC09_Verify_that_the_Solana_tab_is_clickable -->
  <testcase classname="test_Cases.Navigation" name="TC12_Verify_transition_from_Dark_to_Light_Mode" time="0.0">
    <ignored/>
  </testcase> <!-- TC12_Verify_transition_from_Dark_to_Light_Mode -->
  <testcase classname="test_Cases.Navigation" name="TC03_Verify_that_the_GainersandLosers_tab_is_clickable" time="0.0">
    <ignored/>
  </testcase> <!-- TC03_Verify_that_the_GainersandLosers_tab_is_clickable -->
  <testcase classname="test_Cases.Navigation" name="TC11_Verify_that_the_Darkmode_button_is_clickable" time="0.0">
    <ignored/>
  </testcase> <!-- TC11_Verify_that_the_Darkmode_button_is_clickable -->
  <testcase classname="test_Cases.Navigation" name="TC07_Verify_that_the_Gaming_tab_is_clickable" time="0.0">
    <ignored/>
  </testcase> <!-- TC07_Verify_that_the_Gaming_tab_is_clickable -->
  <testcase classname="test_Cases.Navigation" name="TC05_Verify_that_the_NFT_tab_is_clickable" time="0.0">
    <ignored/>
  </testcase> <!-- TC05_Verify_that_the_NFT_tab_is_clickable -->
  <testcase classname="test_Cases.Navigation" name="TC01_Verify_the_user_is_redirected_to_the_homepage_when_he_access_the_link" time="0.0">
    <ignored/>
  </testcase> <!-- TC01_Verify_the_user_is_redirected_to_the_homepage_when_he_access_the_link -->
  <testcase classname="test_Cases.Navigation" name="TC16_Verify_transition_from_euro_to_dollar" time="0.0">
    <ignored/>
  </testcase> <!-- TC16_Verify_transition_from_euro_to_dollar -->
  <testcase classname="test_Cases.Navigation" name="TC13_Verify_language_change_from_English_to_Deutsch" time="0.0">
    <ignored/>
  </testcase> <!-- TC13_Verify_language_change_from_English_to_Deutsch -->
  <testcase classname="test_Cases.Navigation" name="TC04_Verify_that_the_Categories_tab_is_clickable" time="0.0">
    <ignored/>
  </testcase> <!-- TC04_Verify_that_the_Categories_tab_is_clickable -->
  <testcase classname="test_Cases.Navigation" name="TC14_Verify_transition_from_Deutsch_to_English_language" time="0.0">
    <ignored/>
  </testcase> <!-- TC14_Verify_transition_from_Deutsch_to_English_language -->
  <testcase classname="test_Cases.Navigation" name="TC06_Verify_that_the_DeFi_tab_is_clickable" time="0.0">
    <ignored/>
  </testcase> <!-- TC06_Verify_that_the_DeFi_tab_is_clickable -->
  <testcase classname="test_Cases.Navigation" name="TC10_Verify_that_the_Avalanche_tab_is_clickable" time="0.0">
    <ignored/>
  </testcase> <!-- TC10_Verify_that_the_Avalanche_tab_is_clickable -->
  <testcase classname="test_Cases.Navigation" name="TC08_Verify_that_the_BNB_tab_is_clickable" time="0.0">
    <ignored/>
  </testcase> <!-- TC08_Verify_that_the_BNB_tab_is_clickable -->
  <testcase classname="test_Cases.Navigation" name="TC15_Verify_currency_change_from_Dollar_to_euro" time="0.0">
    <ignored/>
  </testcase> <!-- TC15_Verify_currency_change_from_Dollar_to_euro -->
</testsuite> <!-- Default test -->
